# JRE version: OpenJDK Runtime Environment JBR-21.0.6+9-895.109-jcef (21.0.6+9) (build 21.0.6+9-b895.109)
# Java VM: OpenJDK 64-Bit Server VM JBR-21.0.6+9-895.109-jcef (21.0.6+9-b895.109, mixed mode, sharing, tiered, compressed oops, compressed class ptrs, g1 gc, linux-amd64)
GC Precious Log:
 CardTable entry size: 512
 Card Set container configuration: InlinePtr #cards 4 size 8 Array Of Cards #cards 64 size 144 Howl #buckets 8 coarsen threshold 14745 Howl Bitmap #cards 2048 size 272 coarsen threshold 1843 Card regions per heap region 1 cards per card region 16384
 CPUs: 32 total, 32 available
 Memory: 64253M
 Large Page Support: Disabled
 NUMA Support: Disabled
 Compressed Oops: Enabled (Zero based)
 Heap Region Size: 8M
 Heap Min Capacity: 8M
 Heap Initial Capacity: 1008M
 Heap Max Capacity: 16064M
 Pre-touch: Disabled
 Parallel Workers: 23
 Concurrent Workers: 6
 Concurrent Refinement Workers: 23
 Periodic GC: Disabled
Heap:
 garbage-first heap   total 196608K, used 112831K [0x0000000414000000, 0x0000000800000000)
  region size 8192K, 3 young (24576K), 1 survivors (8192K)
 Metaspace       used 73439K, committed 74368K, reserved 1179648K
  class space    used 7422K, committed 7808K, reserved 1048576K
GC Heap History (20 events):
Event: 2.914 GC heap before
{Heap before GC invocations=6 (full 0):
 garbage-first heap   total 90112K, used 33030K [0x0000000414000000, 0x0000000800000000)
  region size 8192K, 5 young (40960K), 1 survivors (8192K)
 Metaspace       used 35898K, committed 36288K, reserved 1114112K
  class space    used 3454K, committed 3648K, reserved 1048576K
}
Event: 2.919 GC heap after
{Heap after GC invocations=7 (full 0):
 garbage-first heap   total 90112K, used 19404K [0x0000000414000000, 0x0000000800000000)
  region size 8192K, 1 young (8192K), 1 survivors (8192K)
 Metaspace       used 35898K, committed 36288K, reserved 1114112K
  class space    used 3454K, committed 3648K, reserved 1048576K
}
Event: 3.106 GC heap before
{Heap before GC invocations=8 (full 0):
 garbage-first heap   total 81920K, used 60364K [0x0000000414000000, 0x0000000800000000)
  region size 8192K, 6 young (49152K), 1 survivors (8192K)
 Metaspace       used 38614K, committed 39104K, reserved 1114112K
  class space    used 3799K, committed 4032K, reserved 1048576K
}
Event: 3.111 GC heap after
{Heap after GC invocations=9 (full 0):
 garbage-first heap   total 81920K, used 22399K [0x0000000414000000, 0x0000000800000000)
  region size 8192K, 1 young (8192K), 1 survivors (8192K)
 Metaspace       used 38614K, committed 39104K, reserved 1114112K
  class space    used 3799K, committed 4032K, reserved 1048576K
}
Event: 3.283 GC heap before
{Heap before GC invocations=9 (full 0):
 garbage-first heap   total 81920K, used 55167K [0x0000000414000000, 0x0000000800000000)
  region size 8192K, 5 young (40960K), 1 survivors (8192K)
 Metaspace       used 41864K, committed 42304K, reserved 1114112K
  class space    used 4145K, committed 4352K, reserved 1048576K
}
Event: 3.293 GC heap after
{Heap after GC invocations=10 (full 0):
 garbage-first heap   total 557056K, used 23873K [0x0000000414000000, 0x0000000800000000)
  region size 8192K, 1 young (8192K), 1 survivors (8192K)
 Metaspace       used 41864K, committed 42304K, reserved 1114112K
  class space    used 4145K, committed 4352K, reserved 1048576K
}
Event: 4.909 GC heap before
{Heap before GC invocations=10 (full 0):
 garbage-first heap   total 557056K, used 204097K [0x0000000414000000, 0x0000000800000000)
  region size 8192K, 25 young (204800K), 1 survivors (8192K)
 Metaspace       used 60337K, committed 61056K, reserved 1114112K
  class space    used 6229K, committed 6528K, reserved 1048576K
}
Event: 4.921 GC heap after
{Heap after GC invocations=11 (full 0):
 garbage-first heap   total 557056K, used 38588K [0x0000000414000000, 0x0000000800000000)
  region size 8192K, 3 young (24576K), 3 survivors (24576K)
 Metaspace       used 60337K, committed 61056K, reserved 1114112K
  class space    used 6229K, committed 6528K, reserved 1048576K
}
Event: 22.815 GC heap before
{Heap before GC invocations=12 (full 0):
 garbage-first heap   total 163840K, used 153276K [0x0000000414000000, 0x0000000800000000)
  region size 8192K, 17 young (139264K), 3 survivors (24576K)
 Metaspace       used 68884K, committed 69824K, reserved 1114112K
  class space    used 7089K, committed 7488K, reserved 1048576K
}
Event: 22.831 GC heap after
{Heap after GC invocations=13 (full 0):
 garbage-first heap   total 204800K, used 58989K [0x0000000414000000, 0x0000000800000000)
  region size 8192K, 5 young (40960K), 5 survivors (40960K)
 Metaspace       used 68884K, committed 69824K, reserved 1114112K
  class space    used 7089K, committed 7488K, reserved 1048576K
}
Event: 202.107 GC heap before
{Heap before GC invocations=13 (full 0):
 garbage-first heap   total 204800K, used 99949K [0x0000000414000000, 0x0000000800000000)
  region size 8192K, 11 young (90112K), 5 survivors (40960K)
 Metaspace       used 70205K, committed 71104K, reserved 1114112K
  class space    used 7170K, committed 7552K, reserved 1048576K
}
Event: 202.288 GC heap after
{Heap after GC invocations=14 (full 1):
 garbage-first heap   total 196608K, used 49994K [0x0000000414000000, 0x0000000800000000)
  region size 8192K, 0 young (0K), 0 survivors (0K)
 Metaspace       used 70149K, committed 71104K, reserved 1114112K
  class space    used 7155K, committed 7552K, reserved 1048576K
}
Event: 298.575 GC heap before
{Heap before GC invocations=14 (full 1):
 garbage-first heap   total 196608K, used 74570K [0x0000000414000000, 0x0000000800000000)
  region size 8192K, 4 young (32768K), 0 survivors (0K)
 Metaspace       used 70569K, committed 71424K, reserved 1114112K
  class space    used 7174K, committed 7552K, reserved 1048576K
}
Event: 298.582 GC heap after
{Heap after GC invocations=15 (full 1):
 garbage-first heap   total 196608K, used 64201K [0x0000000414000000, 0x0000000800000000)
  region size 8192K, 2 young (16384K), 2 survivors (16384K)
 Metaspace       used 70569K, committed 71424K, reserved 1114112K
  class space    used 7174K, committed 7552K, reserved 1048576K
}
Event: 312.739 GC heap before
{Heap before GC invocations=16 (full 1):
 garbage-first heap   total 196608K, used 129737K [0x0000000414000000, 0x0000000800000000)
  region size 8192K, 10 young (81920K), 2 survivors (16384K)
 Metaspace       used 71320K, committed 72192K, reserved 1114112K
  class space    used 7242K, committed 7616K, reserved 1048576K
}
Event: 312.753 GC heap after
{Heap after GC invocations=17 (full 1):
 garbage-first heap   total 196608K, used 90497K [0x0000000414000000, 0x0000000800000000)
  region size 8192K, 2 young (16384K), 2 survivors (16384K)
 Metaspace       used 71320K, committed 72192K, reserved 1114112K
  class space    used 7242K, committed 7616K, reserved 1048576K
}
Event: 318.737 GC heap before
{Heap before GC invocations=17 (full 1):
 garbage-first heap   total 196608K, used 131457K [0x0000000414000000, 0x0000000800000000)
  region size 8192K, 7 young (57344K), 2 survivors (16384K)
 Metaspace       used 72125K, committed 73024K, reserved 1179648K
  class space    used 7291K, committed 7680K, reserved 1048576K
}
Event: 318.751 GC heap after
{Heap after GC invocations=18 (full 1):
 garbage-first heap   total 196608K, used 91147K [0x0000000414000000, 0x0000000800000000)
  region size 8192K, 1 young (8192K), 1 survivors (8192K)
 Metaspace       used 72125K, committed 73024K, reserved 1179648K
  class space    used 7291K, committed 7680K, reserved 1048576K
}
Event: 343.522 GC heap before
{Heap before GC invocations=18 (full 1):
 garbage-first heap   total 196608K, used 132107K [0x0000000414000000, 0x0000000800000000)
  region size 8192K, 6 young (49152K), 1 survivors (8192K)
 Metaspace       used 72633K, committed 73536K, reserved 1179648K
  class space    used 7352K, committed 7744K, reserved 1048576K
}
Event: 343.534 GC heap after
{Heap after GC invocations=19 (full 1):
 garbage-first heap   total 196608K, used 104639K [0x0000000414000000, 0x0000000800000000)
  region size 8192K, 1 young (8192K), 1 survivors (8192K)
 Metaspace       used 72633K, committed 73536K, reserved 1179648K
  class space    used 7352K, committed 7744K, reserved 1048576K
}

